<?xml version="1.0" encoding="UTF-8" ?>
<testsuite tests="3" failures="0" name="jw05.AppTest" time="0.044" errors="1" skipped="0">
  <properties>
    <property name="java.runtime.name" value="Java(TM) SE Runtime Environment"/>
    <property name="java.vm.version" value="16.0.2+7-67"/>
    <property name="sun.boot.library.path" value="D:\Environment\java jdk\bin"/>
    <property name="maven.multiModuleProjectDirectory" value="D:\homework\jw08-final-Michael-LiangAnze\s191220055"/>
    <property name="java.vm.vendor" value="Oracle Corporation"/>
    <property name="java.vendor.url" value="https://java.oracle.com/"/>
    <property name="guice.disable.misplaced.annotation.check" value="true"/>
    <property name="path.separator" value=";"/>
    <property name="java.vm.name" value="Java HotSpot(TM) 64-Bit Server VM"/>
    <property name="sun.os.patch.level" value=""/>
    <property name="user.script" value=""/>
    <property name="user.country" value="CN"/>
    <property name="sun.java.launcher" value="SUN_STANDARD"/>
    <property name="java.vm.specification.name" value="Java Virtual Machine Specification"/>
    <property name="user.dir" value="D:\homework\jw08-final-Michael-LiangAnze\s191220055"/>
    <property name="java.vm.compressedOopsMode" value="Zero based"/>
    <property name="java.runtime.version" value="16.0.2+7-67"/>
    <property name="os.arch" value="amd64"/>
    <property name="java.io.tmpdir" value="C:\Users\14686\AppData\Local\Temp\"/>
    <property name="line.separator" value="
"/>
    <property name="java.vm.specification.vendor" value="Oracle Corporation"/>
    <property name="user.variant" value=""/>
    <property name="os.name" value="Windows 10"/>
    <property name="classworlds.conf" value="D:\Software\Maven\apache-maven-3.8.3\bin\m2.conf"/>
    <property name="sun.jnu.encoding" value="GBK"/>
    <property name="java.library.path" value="D:\Environment\java jdk\bin;C:\Windows\Sun\Java\bin;C:\Windows\system32;C:\Windows;D:\Software\Anaconda3;D:\Software\Anaconda3\Library\mingw-w64\bin;D:\Software\Anaconda3\Library\usr\bin;D:\Software\Anaconda3\Library\bin;D:\Software\Anaconda3\Scripts;C:\Program Files\Common Files\Oracle\Java\javapath;C:\Program Files (x86)\Common Files\Oracle\Java\javapath;C:\Windows\system32;C:\Windows;C:\Windows\System32\Wbem;C:\Windows\System32\WindowsPowerShell\v1.0\;C:\Windows\System32\OpenSSH\;C:\Program Files (x86)\NVIDIA Corporation\PhysX\Common;D:\Environment\MinGW\bin;C:\Users\14686\AppData\Roaming\Microsoft\Windows\Start Menu\Programs\Python 3.8;C:\Users\14686\AppData\Local\Programs\Python\Python38\;C:\Program Files\dotnet\;D:\Software\Git\cmd;C:\Users\14686\AppData\Local\Programs\Python\Python38\Scripts;D:\Software\Microsoft VS Code\bin;C:\Program Files\NVIDIA Corporation\NVIDIA NvDLISR;D:\Environment\cuda\bin;C:\Program Files\NVIDIA GPU Computing Toolkit\CUDA\v10.1\bin;D:\Software\Maven\apache-maven-3.8.3\bin;D:\Environment\java jdk\bin;D:\Environment\java jdk\jre\bin;C:\Windows\system32;C:\Windows;C:\Windows\System32\Wbem;C:\Windows\System32\WindowsPowerShell\v1.0;D:\Environment\MinGW\bin;C:\Program Files\Common Files\Oracle\Java\javapath;C:\Program Files (x86)\Common Files\Oracle\Java\javapath;C:\Windows\system32;C:\Windows;C:\Windows\System32\Wbem;C:\Windows\System32\WindowsPowerShell\v1.0\;C:\Windows\System32\OpenSSH\;C:\Program Files (x86)\NVIDIA Corporation\PhysX\Common;D:\Environment\MinGW\bin;C:\Program Files\NVIDIA Corporation\NVIDIA NvDLISR;C:\Users\14686\AppData\Roaming\Microsoft\Windows\Start Menu\Programs\Python 3.8;C:\Users\14686\AppData\Local\Programs\Python\Python38\;C:\Program Files\dotnet\;D:\Software\Git\cmd;C:\Users\14686\AppData\Local\Programs\Python\Python38\Scripts;C:\Users\14686\AppData\Roaming\Microsoft\Windows\Start Menu\Programs\Visual Studio Code;D:\Software\Microsoft VS Code\bin;;."/>
    <property name="maven.conf" value="D:\Software\Maven\apache-maven-3.8.3/conf"/>
    <property name="jdk.debug" value="release"/>
    <property name="java.class.version" value="60.0"/>
    <property name="java.specification.name" value="Java Platform API Specification"/>
    <property name="sun.management.compiler" value="HotSpot 64-Bit Tiered Compilers"/>
    <property name="os.version" value="10.0"/>
    <property name="library.jansi.path" value="D:\Software\Maven\apache-maven-3.8.3\lib\jansi-native"/>
    <property name="user.home" value="C:\Users\14686"/>
    <property name="user.timezone" value="Asia/Shanghai"/>
    <property name="file.encoding" value="GBK"/>
    <property name="java.specification.version" value="16"/>
    <property name="user.name" value="14686"/>
    <property name="java.class.path" value="D:\Software\Maven\apache-maven-3.8.3\boot\plexus-classworlds-2.6.0.jar"/>
    <property name="java.vm.specification.version" value="16"/>
    <property name="sun.arch.data.model" value="64"/>
    <property name="sun.java.command" value="org.codehaus.plexus.classworlds.launcher.Launcher test"/>
    <property name="java.home" value="D:\Environment\java jdk"/>
    <property name="user.language" value="zh"/>
    <property name="java.specification.vendor" value="Oracle Corporation"/>
    <property name="java.vm.info" value="mixed mode, sharing"/>
    <property name="java.version" value="16.0.2"/>
    <property name="java.vendor" value="Oracle Corporation"/>
    <property name="sun.stderr.encoding" value="ms936"/>
    <property name="maven.home" value="D:\Software\Maven\apache-maven-3.8.3"/>
    <property name="file.separator" value="\"/>
    <property name="java.version.date" value="2021-07-20"/>
    <property name="java.vendor.url.bug" value="https://bugreport.java.com/bugreport/"/>
    <property name="sun.io.unicode.encoding" value="UnicodeLittle"/>
    <property name="sun.cpu.endian" value="little"/>
    <property name="sun.stdout.encoding" value="ms936"/>
    <property name="sun.cpu.isalist" value="amd64"/>
  </properties>
  <testcase classname="jw05.AppTest" name="testAlg" time="0.004"/>
  <testcase classname="jw05.AppTest" name="testHandleDist" time="0.037"/>
  <testcase classname="jw05.AppTest" name="testCannonball" time="0.003">
    <error message="Cannot invoke &quot;jw05.anish.calabashbros.Tile.setPos(jw05.anish.algorithm.Tuple)&quot; because &quot;this.tile&quot; is null" type="java.lang.NullPointerException">java.lang.NullPointerException: Cannot invoke &quot;jw05.anish.calabashbros.Tile.setPos(jw05.anish.algorithm.Tuple)&quot; because &quot;this.tile&quot; is null
	at jw05.anish.calabashbros.Thing.setPos(Thing.java:60)
	at jw05.AppTest.testCannonball(AppTest.java:43)
</error>
  </testcase>
</testsuite>